<?xml version="1.0" encoding="utf-8"?><testsuites name="pytest tests"><testsuite name="pytest" errors="0" failures="0" skipped="0" tests="15" time="1.059" timestamp="2025-08-30T22:35:44.929543+04:00" hostname="Mac.emfour.net"><testcase classname="tests.integration.test_basic_integration" name="test_health_endpoint_integration" time="0.150" /><testcase classname="tests.integration.test_basic_integration" name="test_database_connection" time="0.149" /><testcase classname="tests.integration.test_callsign_integration.TestCallsignMappingIntegration" name="test_full_callsign_workflow" time="0.144" /><testcase classname="tests.integration.test_callsign_integration.TestCallsignMappingIntegration" name="test_plugin_interface_integration" time="0.002" /><testcase classname="tests.integration.test_callsign_integration.TestCallsignMappingIntegration" name="test_error_handling_modes" time="0.002" /><testcase classname="tests.integration.test_callsign_integration.TestCallsignMappingIntegration" name="test_database_schema_constraints" time="0.005" /><testcase classname="tests.integration.test_callsign_integration.TestPhase5ApiServiceIntegration" name="test_api_to_service_to_database_workflow" time="0.055" /><testcase classname="tests.integration.test_callsign_integration.TestPhase5ApiServiceIntegration" name="test_service_error_handling_integration" time="0.009" /><testcase classname="tests.integration.test_callsign_integration.TestPhase5ApiServiceIntegration" name="test_callsign_mapping_crud_integration" time="0.038" /><testcase classname="tests.integration.test_callsign_integration.TestPhase5ApiServiceIntegration" name="test_cross_stream_isolation_integration" time="0.070" /><testcase classname="tests.integration.test_secure_auth_integration.TestSecureAuthenticationIntegration" name="test_authentication_loader_with_missing_template" time="0.001" /><testcase classname="tests.integration.test_secure_auth_integration.TestSecureAuthenticationIntegration" name="test_config_integration_ci_mode" time="0.015" /><testcase classname="tests.integration.test_secure_auth_integration.TestSecureAuthenticationIntegration" name="test_config_integration_local_development" time="0.000" /><testcase classname="tests.integration.test_secure_auth_integration.TestSecureAuthenticationIntegration" name="test_environment_specific_overrides" time="0.010" /><testcase classname="tests.integration.test_secure_auth_integration.TestSecureAuthenticationIntegration" name="test_secure_logging_masks_secrets" time="0.001" /></testsuite></testsuites>